<?xml version="1.0" encoding="UTF-8"?>
<testng-results ignored="0" total="1" passed="1" failed="0" skipped="0">
  <reporter-output>
  </reporter-output>
  <suite started-at="2022-08-07T17:36:57Z" name="Default suite" finished-at="2022-08-07T17:37:07Z" duration-ms="9419">
    <groups>
    </groups>
    <test started-at="2022-08-07T17:36:57Z" name="Default test" finished-at="2022-08-07T17:37:07Z" duration-ms="9419">
      <class name="qaautomation.tugas4.WebTest">
        <test-method is-config="true" signature="setUp()[pri:0, instance:qaautomation.tugas4.WebTest@40c80397]" started-at="2022-08-07T17:36:57Z" name="setUp" finished-at="2022-08-07T17:36:59Z" duration-ms="2317" status="PASS">
          <reporter-output>
          </reporter-output>
        </test-method> <!-- setUp -->
        <test-method signature="switchFrame()[pri:0, instance:qaautomation.tugas4.WebTest@40c80397]" started-at="2022-08-07T17:37:00Z" name="switchFrame" finished-at="2022-08-07T17:37:06Z" duration-ms="6778" status="PASS">
          <reporter-output>
          </reporter-output>
        </test-method> <!-- switchFrame -->
        <test-method is-config="true" signature="tearDown()[pri:0, instance:qaautomation.tugas4.WebTest@40c80397]" started-at="2022-08-07T17:37:06Z" name="tearDown" finished-at="2022-08-07T17:37:07Z" duration-ms="152" status="PASS">
          <reporter-output>
          </reporter-output>
        </test-method> <!-- tearDown -->
      </class> <!-- qaautomation.tugas4.WebTest -->
    </test> <!-- Default test -->
  </suite> <!-- Default suite -->
</testng-results>
